<?xml version="1.0" encoding="UTF-8"?>
<!-- Generated by org.testng.reporters.JUnitXMLReporter -->
<testsuite hostname="PC" ignored="0" name="Test" tests="8" failures="0" timestamp="28 Jun 2019 05:47:34 GMT" time="31.464" errors="0">
  <testcase name="verifyLoginPage" time="0.609" classname="com.github.testcases.Login"/>
  <testcase name="verifyMandatoryFields" time="0.464" classname="com.github.testcases.Login"/>
  <testcase name="verifyErrorMessageForInvalidUserName" time="1.744" classname="com.github.testcases.RessetPassword"/>
  <testcase name="verifyErrorMessageForEmptyUserName" time="0.619" classname="com.github.testcases.RessetPassword"/>
  <testcase name="verifyErrorMessageContainsCant" time="0.033" classname="com.github.testcases.RessetPassword"/>
  <testcase name="verifySignUpPage" time="1.808" classname="com.github.testcases.SignUp"/>
  <testcase name="verifyCreateAnAccountButtonIsDisable" time="0.785" classname="com.github.testcases.SignUp"/>
  <testcase name="verifyCreateYourAccountHeader" time="0.026" classname="com.github.testcases.SignUp"/>
</testsuite> <!-- Test -->
