<?xml version="1.0" encoding="UTF-8"?>
<testsuite xmlns:xsi="http://www.w3.org/2001/XMLSchema-instance" xsi:schemaLocation="https://maven.apache.org/surefire/maven-surefire-plugin/xsd/surefire-test-report.xsd" name="TestSuite" time="36.686" tests="8" errors="0" skipped="0" failures="0">
  <properties>
[...]
</properties>
  <testcase name="verifyLoginPage" classname="com.github.testcases.Login" time="0.636"/>
  <testcase name="verifyMandatoryFields" classname="com.github.testcases.Login" time="0.477"/>
  <testcase name="verifyErrorMessageForInvalidUserName" classname="com.github.testcases.RessetPassword" time="1.692"/>
  <testcase name="verifyErrorMessageForEmptyUserName" classname="com.github.testcases.RessetPassword" time="0.602"/>
  <testcase name="verifyErrorMessageContainsCant" classname="com.github.testcases.RessetPassword" time="0.019"/>
  <testcase name="verifySignUpPage" classname="com.github.testcases.SignUp" time="1.916"/>
  <testcase name="verifyCreateAnAccountButtonIsDisable" classname="com.github.testcases.SignUp" time="0.785"/>
  <testcase name="verifyCreateYourAccountHeader" classname="com.github.testcases.SignUp" time="0.028"/>
</testsuite>