<?xml version="1.0" encoding="UTF-8"?>
<!-- Generated by org.testng.reporters.JUnitXMLReporter -->
<testsuite ignored="0" hostname="PC" failures="0" tests="8" name="Test" time="35.519" errors="0" timestamp="28 Jun 2019 05:50:41 GMT">
  <testcase classname="com.github.testcases.Login" name="verifyLoginPage" time="0.636"/>
  <testcase classname="com.github.testcases.Login" name="verifyMandatoryFields" time="0.478"/>
  <testcase classname="com.github.testcases.RessetPassword" name="verifyErrorMessageForInvalidUserName" time="1.692"/>
  <testcase classname="com.github.testcases.RessetPassword" name="verifyErrorMessageForEmptyUserName" time="0.601"/>
  <testcase classname="com.github.testcases.RessetPassword" name="verifyErrorMessageContainsCant" time="0.019"/>
  <testcase classname="com.github.testcases.SignUp" name="verifySignUpPage" time="1.916"/>
  <testcase classname="com.github.testcases.SignUp" name="verifyCreateAnAccountButtonIsDisable" time="0.785"/>
  <testcase classname="com.github.testcases.SignUp" name="verifyCreateYourAccountHeader" time="0.027"/>
</testsuite> <!-- Test -->
